[ 2016-12-07T22:03:55+08:00 ] 127.0.0.1 127.0.0.1 GET /index/close/close.html
[ log ] tp5.com/index/close/close.html [运行时间：0.091227s][吞吐率：10.96req/s] [内存消耗：1,843.98kb] [文件加载：39]
[ info ] [ LANG ] C:\wamp64\www\tp5\thinkphp\lang\zh-cn.php
[ info ] [ ROUTE ] array (
  'type' => 'module',
  'module' => 
  array (
    0 => 'index',
    1 => 'close',
    2 => 'close',
  ),
)
[ info ] [ HEADER ] array (
  'host' => 'tp5.com',
  'user-agent' => 'Mozilla/5.0 (Windows NT 10.0; Win64; x64; rv:50.0) Gecko/20100101 Firefox/50.0',
  'accept' => 'text/html,application/xhtml+xml,application/xml;q=0.9,*/*;q=0.8',
  'accept-language' => 'zh-CN,zh;q=0.8,en-US;q=0.5,en;q=0.3',
  'accept-encoding' => 'gzip, deflate',
  'cookie' => 'Hm_lvt_7d03826329b9cbb4dbc58d74f9b0a417=1481096493',
  'connection' => 'keep-alive',
  'upgrade-insecure-requests' => '1',
)
[ info ] [ PARAM ] array (
)
[ info ] [ RUN ] app\index\controller\Close->close[ C:\wamp64\www\tp5\application\index\controller\Close.php ]
[ info ] [ VIEW ] C:\wamp64\www\tp5\public/../application/index\view\close\close.html [ array (
) ]
[ info ] [ LOG ] INIT File

---------------------------------------------------------------
[ 2016-12-07T22:04:31+08:00 ] 127.0.0.1 127.0.0.1 GET /admin/index/index
[ log ] tp5.com/admin/index/index [运行时间：0.068536s][吞吐率：14.59req/s] [内存消耗：2,750.37kb] [文件加载：48]
[ info ] [ LANG ] C:\wamp64\www\tp5\thinkphp\lang\zh-cn.php
[ info ] [ ROUTE ] array (
  'type' => 'module',
  'module' => 
  array (
    0 => 'admin',
    1 => 'index',
    2 => 'index',
  ),
)
[ info ] [ HEADER ] array (
  'host' => 'tp5.com',
  'user-agent' => 'Mozilla/5.0 (Windows NT 10.0; Win64; x64; rv:50.0) Gecko/20100101 Firefox/50.0',
  'accept' => 'text/html,application/xhtml+xml,application/xml;q=0.9,*/*;q=0.8',
  'accept-language' => 'zh-CN,zh;q=0.8,en-US;q=0.5,en;q=0.3',
  'accept-encoding' => 'gzip, deflate',
  'cookie' => 'ace.settings=%7B%22sidebar-collapsed%22%3A-1%7D; Hm_lvt_7d03826329b9cbb4dbc58d74f9b0a417=1481096493',
  'connection' => 'keep-alive',
  'upgrade-insecure-requests' => '1',
)
[ info ] [ PARAM ] array (
)
[ info ] [ DB ] INIT mysql
[ info ] [ LOG ] INIT File
[ sql ] [ DB ] CONNECT:[ UseTime:0.001143s ] mysql:dbname=shop;host=127.0.0.1;charset=utf8
[ sql ] [ SQL ] SHOW COLUMNS FROM `s_siteinfo` [ RunTime:0.004661s ]
[ sql ] [ SQL ] SELECT * FROM `s_siteinfo` WHERE  `id` = 8  AND `attribution` = 0  AND `close` = 1 [ RunTime:0.000560s ]
[ sql ] [ EXPLAIN : array (
  'id' => 1,
  'select_type' => 'SIMPLE',
  'table' => NULL,
  'partitions' => NULL,
  'type' => NULL,
  'possible_keys' => NULL,
  'key' => NULL,
  'key_len' => NULL,
  'ref' => NULL,
  'rows' => NULL,
  'filtered' => NULL,
  'extra' => 'Impossible WHERE noticed after reading const tables',
) ]

---------------------------------------------------------------
[ 2016-12-07T22:04:31+08:00 ] 127.0.0.1 127.0.0.1 GET /index/close/close.html
[ log ] tp5.com/index/close/close.html [运行时间：0.020813s][吞吐率：48.05req/s] [内存消耗：1,844.03kb] [文件加载：39]
[ info ] [ LANG ] C:\wamp64\www\tp5\thinkphp\lang\zh-cn.php
[ info ] [ ROUTE ] array (
  'type' => 'module',
  'module' => 
  array (
    0 => 'index',
    1 => 'close',
    2 => 'close',
  ),
)
[ info ] [ HEADER ] array (
  'host' => 'tp5.com',
  'user-agent' => 'Mozilla/5.0 (Windows NT 10.0; Win64; x64; rv:50.0) Gecko/20100101 Firefox/50.0',
  'accept' => 'text/html,application/xhtml+xml,application/xml;q=0.9,*/*;q=0.8',
  'accept-language' => 'zh-CN,zh;q=0.8,en-US;q=0.5,en;q=0.3',
  'accept-encoding' => 'gzip, deflate',
  'cookie' => 'Hm_lvt_7d03826329b9cbb4dbc58d74f9b0a417=1481096493',
  'connection' => 'keep-alive',
  'upgrade-insecure-requests' => '1',
)
[ info ] [ PARAM ] array (
)
[ info ] [ RUN ] app\index\controller\Close->close[ C:\wamp64\www\tp5\application\index\controller\Close.php ]
[ info ] [ VIEW ] C:\wamp64\www\tp5\public/../application/index\view\close\close.html [ array (
) ]
[ info ] [ LOG ] INIT File

---------------------------------------------------------------
[ 2016-12-07T22:05:42+08:00 ] 127.0.0.1 127.0.0.1 GET /admin/index/index
[ log ] tp5.com/admin/index/index [运行时间：0.088655s][吞吐率：11.28req/s] [内存消耗：2,936.34kb] [文件加载：50]
[ info ] [ LANG ] C:\wamp64\www\tp5\thinkphp\lang\zh-cn.php
[ info ] [ ROUTE ] array (
  'type' => 'module',
  'module' => 
  array (
    0 => 'admin',
    1 => 'index',
    2 => 'index',
  ),
)
[ info ] [ HEADER ] array (
  'host' => 'tp5.com',
  'user-agent' => 'Mozilla/5.0 (Windows NT 10.0; Win64; x64; rv:50.0) Gecko/20100101 Firefox/50.0',
  'accept' => 'text/html,application/xhtml+xml,application/xml;q=0.9,*/*;q=0.8',
  'accept-language' => 'zh-CN,zh;q=0.8,en-US;q=0.5,en;q=0.3',
  'accept-encoding' => 'gzip, deflate',
  'cookie' => 'ace.settings=%7B%22sidebar-collapsed%22%3A-1%7D; Hm_lvt_7d03826329b9cbb4dbc58d74f9b0a417=1481096493',
  'connection' => 'keep-alive',
  'upgrade-insecure-requests' => '1',
)
[ info ] [ PARAM ] array (
)
[ info ] [ DB ] INIT mysql
[ info ] [ RUN ] app\admin\controller\Index->index[ C:\wamp64\www\tp5\application\admin\controller\Index.php ]
[ info ] [ VIEW ] C:\wamp64\www\tp5\public/../application/admin\view\index\index.html [ array (
  0 => 'admin',
  1 => 'user',
  2 => 'vip',
  3 => 'bus',
  4 => 'count',
) ]
[ info ] [ LOG ] INIT File
[ sql ] [ DB ] CONNECT:[ UseTime:0.002726s ] mysql:dbname=shop;host=127.0.0.1;charset=utf8
[ sql ] [ SQL ] SHOW COLUMNS FROM `s_siteinfo` [ RunTime:0.001877s ]
[ sql ] [ SQL ] SELECT * FROM `s_siteinfo` WHERE  `id` = 8  AND `attribution` = 0  AND `close` = 1 [ RunTime:0.000631s ]
[ sql ] [ EXPLAIN : array (
  'id' => 1,
  'select_type' => 'SIMPLE',
  'table' => 's_siteinfo',
  'partitions' => NULL,
  'type' => 'const',
  'possible_keys' => 'PRIMARY',
  'key' => 'PRIMARY',
  'key_len' => '4',
  'ref' => 'const',
  'rows' => 1,
  'filtered' => 100,
  'extra' => NULL,
) ]
[ sql ] [ SQL ] SHOW COLUMNS FROM `s_user` [ RunTime:0.001661s ]
[ sql ] [ SQL ] SELECT * FROM `s_user` WHERE  `s_user`.`delete_time` IS NULL  AND `user_type` = 1 [ RunTime:0.000591s ]
[ sql ] [ EXPLAIN : array (
  'id' => 1,
  'select_type' => 'SIMPLE',
  'table' => 's_user',
  'partitions' => NULL,
  'type' => 'ALL',
  'possible_keys' => NULL,
  'key' => NULL,
  'key_len' => NULL,
  'ref' => NULL,
  'rows' => 25,
  'filtered' => 4,
  'extra' => 'Using where',
) ]
[ sql ] [ SQL ] SELECT * FROM `s_user` WHERE  `s_user`.`delete_time` IS NULL  AND `user_type` = -1 [ RunTime:0.000510s ]
[ sql ] [ EXPLAIN : array (
  'id' => 1,
  'select_type' => 'SIMPLE',
  'table' => 's_user',
  'partitions' => NULL,
  'type' => 'ALL',
  'possible_keys' => NULL,
  'key' => NULL,
  'key_len' => NULL,
  'ref' => NULL,
  'rows' => 25,
  'filtered' => 4,
  'extra' => 'Using where',
) ]
[ sql ] [ SQL ] SHOW COLUMNS FROM `s_businessman` [ RunTime:0.001862s ]
[ sql ] [ SQL ] SELECT * FROM `s_businessman` WHERE  `id` > 0 [ RunTime:0.000495s ]
[ sql ] [ EXPLAIN : array (
  'id' => 1,
  'select_type' => 'SIMPLE',
  'table' => 's_businessman',
  'partitions' => NULL,
  'type' => 'range',
  'possible_keys' => 'PRIMARY',
  'key' => 'PRIMARY',
  'key_len' => '4',
  'ref' => NULL,
  'rows' => 6,
  'filtered' => 100,
  'extra' => 'Using where',
) ]
[ sql ] [ SQL ] SELECT * FROM `s_user` WHERE  `s_user`.`delete_time` IS NULL  AND `cost` > 3000 [ RunTime:0.000382s ]
[ sql ] [ EXPLAIN : array (
  'id' => 1,
  'select_type' => 'SIMPLE',
  'table' => 's_user',
  'partitions' => NULL,
  'type' => 'ALL',
  'possible_keys' => NULL,
  'key' => NULL,
  'key_len' => NULL,
  'ref' => NULL,
  'rows' => 25,
  'filtered' => 4,
  'extra' => 'Using where',
) ]

---------------------------------------------------------------
[ 2016-12-07T22:05:49+08:00 ] 127.0.0.1 127.0.0.1 GET /admin/Manage/information
[ log ] tp5.com/admin/Manage/information [运行时间：0.053486s][吞吐率：18.70req/s] [内存消耗：2,685.77kb] [文件加载：46]
[ info ] [ LANG ] C:\wamp64\www\tp5\thinkphp\lang\zh-cn.php
[ info ] [ ROUTE ] array (
  'type' => 'module',
  'module' => 
  array (
    0 => 'admin',
    1 => 'Manage',
    2 => 'information',
  ),
)
[ info ] [ HEADER ] array (
  'host' => 'tp5.com',
  'user-agent' => 'Mozilla/5.0 (Windows NT 10.0; Win64; x64; rv:50.0) Gecko/20100101 Firefox/50.0',
  'accept' => 'text/html,application/xhtml+xml,application/xml;q=0.9,*/*;q=0.8',
  'accept-language' => 'zh-CN,zh;q=0.8,en-US;q=0.5,en;q=0.3',
  'accept-encoding' => 'gzip, deflate',
  'referer' => 'http://tp5.com/admin/index/index',
  'cookie' => 'Hm_lvt_7d03826329b9cbb4dbc58d74f9b0a417=1481096493',
  'connection' => 'keep-alive',
  'upgrade-insecure-requests' => '1',
)
[ info ] [ PARAM ] array (
)
[ info ] [ DB ] INIT mysql
[ info ] [ RUN ] app\admin\controller\Manage->information[ C:\wamp64\www\tp5\application\admin\controller\Manage.php ]
[ info ] [ VIEW ] C:\wamp64\www\tp5\public/../application/admin\view\manage\information.html [ array (
  0 => 'data',
) ]
[ info ] [ LOG ] INIT File
[ sql ] [ DB ] CONNECT:[ UseTime:0.001024s ] mysql:dbname=shop;host=127.0.0.1;charset=utf8
[ sql ] [ SQL ] SHOW COLUMNS FROM `s_siteinfo` [ RunTime:0.001467s ]
[ sql ] [ SQL ] SELECT * FROM `s_siteinfo` WHERE  `id` = 8  AND `attribution` = 0  AND `close` = 1 [ RunTime:0.000512s ]
[ sql ] [ EXPLAIN : array (
  'id' => 1,
  'select_type' => 'SIMPLE',
  'table' => 's_siteinfo',
  'partitions' => NULL,
  'type' => 'const',
  'possible_keys' => 'PRIMARY',
  'key' => 'PRIMARY',
  'key_len' => '4',
  'ref' => 'const',
  'rows' => 1,
  'filtered' => 100,
  'extra' => NULL,
) ]
[ sql ] [ SQL ] SELECT * FROM `s_siteinfo` WHERE  `attribution` = 0 [ RunTime:0.000382s ]
[ sql ] [ EXPLAIN : array (
  'id' => 1,
  'select_type' => 'SIMPLE',
  'table' => 's_siteinfo',
  'partitions' => NULL,
  'type' => 'ALL',
  'possible_keys' => NULL,
  'key' => NULL,
  'key_len' => NULL,
  'ref' => NULL,
  'rows' => 8,
  'filtered' => 12.5,
  'extra' => 'Using where',
) ]

---------------------------------------------------------------
[ 2016-12-07T22:05:56+08:00 ] 127.0.0.1 127.0.0.1 GET /admin/Management/user_vip
[ log ] tp5.com/admin/Management/user_vip [运行时间：0.065654s][吞吐率：15.23req/s] [内存消耗：3,148.32kb] [文件加载：52]
[ info ] [ LANG ] C:\wamp64\www\tp5\thinkphp\lang\zh-cn.php
[ info ] [ ROUTE ] array (
  'type' => 'module',
  'module' => 
  array (
    0 => 'admin',
    1 => 'Management',
    2 => 'user_vip',
  ),
)
[ info ] [ HEADER ] array (
  'host' => 'tp5.com',
  'user-agent' => 'Mozilla/5.0 (Windows NT 10.0; Win64; x64; rv:50.0) Gecko/20100101 Firefox/50.0',
  'accept' => 'text/html,application/xhtml+xml,application/xml;q=0.9,*/*;q=0.8',
  'accept-language' => 'zh-CN,zh;q=0.8,en-US;q=0.5,en;q=0.3',
  'accept-encoding' => 'gzip, deflate',
  'referer' => 'http://tp5.com/admin/Manage/information',
  'cookie' => 'Hm_lvt_7d03826329b9cbb4dbc58d74f9b0a417=1481096493',
  'connection' => 'keep-alive',
  'upgrade-insecure-requests' => '1',
)
[ info ] [ PARAM ] array (
)
[ info ] [ DB ] INIT mysql
[ info ] [ RUN ] app\admin\controller\Management->user_vip[ C:\wamp64\www\tp5\application\admin\controller\Management.php ]
[ info ] [ VIEW ] C:\wamp64\www\tp5\public/../application/admin\view\management\user_vip.html [ array (
  0 => 'count',
  1 => 'data',
  2 => 'page',
) ]
[ info ] [ LOG ] INIT File
[ sql ] [ DB ] CONNECT:[ UseTime:0.001186s ] mysql:dbname=shop;host=127.0.0.1;charset=utf8
[ sql ] [ SQL ] SHOW COLUMNS FROM `s_siteinfo` [ RunTime:0.002285s ]
[ sql ] [ SQL ] SELECT * FROM `s_siteinfo` WHERE  `id` = 8  AND `attribution` = 0  AND `close` = 1 [ RunTime:0.000512s ]
[ sql ] [ EXPLAIN : array (
  'id' => 1,
  'select_type' => 'SIMPLE',
  'table' => 's_siteinfo',
  'partitions' => NULL,
  'type' => 'const',
  'possible_keys' => 'PRIMARY',
  'key' => 'PRIMARY',
  'key_len' => '4',
  'ref' => 'const',
  'rows' => 1,
  'filtered' => 100,
  'extra' => NULL,
) ]
[ sql ] [ SQL ] SHOW COLUMNS FROM `s_user` [ RunTime:0.001388s ]
[ sql ] [ SQL ] SELECT * FROM `s_user` WHERE  `cost` > 3000 [ RunTime:0.000434s ]
[ sql ] [ EXPLAIN : array (
  'id' => 1,
  'select_type' => 'SIMPLE',
  'table' => 's_user',
  'partitions' => NULL,
  'type' => 'ALL',
  'possible_keys' => NULL,
  'key' => NULL,
  'key_len' => NULL,
  'ref' => NULL,
  'rows' => 25,
  'filtered' => 33.329998016357422,
  'extra' => 'Using where',
) ]
[ sql ] [ SQL ] SELECT COUNT(*) AS tp_count FROM `s_user` WHERE  `cost` > 3000 LIMIT 1 [ RunTime:0.000416s ]
[ sql ] [ EXPLAIN : array (
  'id' => 1,
  'select_type' => 'SIMPLE',
  'table' => 's_user',
  'partitions' => NULL,
  'type' => 'ALL',
  'possible_keys' => NULL,
  'key' => NULL,
  'key_len' => NULL,
  'ref' => NULL,
  'rows' => 25,
  'filtered' => 33.329998016357422,
  'extra' => 'Using where',
) ]
[ sql ] [ SQL ] SELECT * FROM `s_user` WHERE  `cost` > 3000 ORDER BY cost desc LIMIT 0,5 [ RunTime:0.000468s ]
[ sql ] [ EXPLAIN : array (
  'id' => 1,
  'select_type' => 'SIMPLE',
  'table' => 's_user',
  'partitions' => NULL,
  'type' => 'ALL',
  'possible_keys' => NULL,
  'key' => NULL,
  'key_len' => NULL,
  'ref' => NULL,
  'rows' => 25,
  'filtered' => 33.329998016357422,
  'extra' => 'Using where; Using filesort',
) ]
[ warn ] SQL:SELECT * FROM `s_user` WHERE  `cost` > 3000 ORDER BY cost desc LIMIT 0,5[Using where; Using filesort]

---------------------------------------------------------------
[ 2016-12-07T22:06:00+08:00 ] 127.0.0.1 127.0.0.1 GET /admin/Management/announcement
[ log ] tp5.com/admin/Management/announcement [运行时间：0.057676s][吞吐率：17.34req/s] [内存消耗：2,971.09kb] [文件加载：48]
[ info ] [ LANG ] C:\wamp64\www\tp5\thinkphp\lang\zh-cn.php
[ info ] [ ROUTE ] array (
  'type' => 'module',
  'module' => 
  array (
    0 => 'admin',
    1 => 'Management',
    2 => 'announcement',
  ),
)
[ info ] [ HEADER ] array (
  'host' => 'tp5.com',
  'user-agent' => 'Mozilla/5.0 (Windows NT 10.0; Win64; x64; rv:50.0) Gecko/20100101 Firefox/50.0',
  'accept' => 'text/html,application/xhtml+xml,application/xml;q=0.9,*/*;q=0.8',
  'accept-language' => 'zh-CN,zh;q=0.8,en-US;q=0.5,en;q=0.3',
  'accept-encoding' => 'gzip, deflate',
  'referer' => 'http://tp5.com/admin/Management/user_vip',
  'cookie' => 'Hm_lvt_7d03826329b9cbb4dbc58d74f9b0a417=1481096493',
  'connection' => 'keep-alive',
  'upgrade-insecure-requests' => '1',
)
[ info ] [ PARAM ] array (
)
[ info ] [ DB ] INIT mysql
[ info ] [ RUN ] app\admin\controller\Management->announcement[ C:\wamp64\www\tp5\application\admin\controller\Management.php ]
[ info ] [ VIEW ] C:\wamp64\www\tp5\public/../application/admin\view\management\announcement.html [ array (
) ]
[ info ] [ LOG ] INIT File
[ sql ] [ DB ] CONNECT:[ UseTime:0.001087s ] mysql:dbname=shop;host=127.0.0.1;charset=utf8
[ sql ] [ SQL ] SHOW COLUMNS FROM `s_siteinfo` [ RunTime:0.001521s ]
[ sql ] [ SQL ] SELECT * FROM `s_siteinfo` WHERE  `id` = 8  AND `attribution` = 0  AND `close` = 1 [ RunTime:0.000455s ]
[ sql ] [ EXPLAIN : array (
  'id' => 1,
  'select_type' => 'SIMPLE',
  'table' => 's_siteinfo',
  'partitions' => NULL,
  'type' => 'const',
  'possible_keys' => 'PRIMARY',
  'key' => 'PRIMARY',
  'key_len' => '4',
  'ref' => 'const',
  'rows' => 1,
  'filtered' => 100,
  'extra' => NULL,
) ]

---------------------------------------------------------------
[ 2016-12-07T22:06:37+08:00 ] 127.0.0.1 127.0.0.1 GET /admin/index/index
[ log ] tp5.com/admin/index/index [运行时间：0.072130s][吞吐率：13.86req/s] [内存消耗：2,936.34kb] [文件加载：50]
[ info ] [ LANG ] C:\wamp64\www\tp5\thinkphp\lang\zh-cn.php
[ info ] [ ROUTE ] array (
  'type' => 'module',
  'module' => 
  array (
    0 => 'admin',
    1 => 'index',
    2 => 'index',
  ),
)
[ info ] [ HEADER ] array (
  'host' => 'tp5.com',
  'user-agent' => 'Mozilla/5.0 (Windows NT 10.0; Win64; x64; rv:50.0) Gecko/20100101 Firefox/50.0',
  'accept' => 'text/html,application/xhtml+xml,application/xml;q=0.9,*/*;q=0.8',
  'accept-language' => 'zh-CN,zh;q=0.8,en-US;q=0.5,en;q=0.3',
  'accept-encoding' => 'gzip, deflate',
  'cookie' => 'ace.settings=%7B%22sidebar-collapsed%22%3A-1%7D; Hm_lvt_7d03826329b9cbb4dbc58d74f9b0a417=1481096493',
  'connection' => 'keep-alive',
  'upgrade-insecure-requests' => '1',
)
[ info ] [ PARAM ] array (
)
[ info ] [ DB ] INIT mysql
[ info ] [ RUN ] app\admin\controller\Index->index[ C:\wamp64\www\tp5\application\admin\controller\Index.php ]
[ info ] [ VIEW ] C:\wamp64\www\tp5\public/../application/admin\view\index\index.html [ array (
  0 => 'admin',
  1 => 'user',
  2 => 'vip',
  3 => 'bus',
  4 => 'count',
) ]
[ info ] [ LOG ] INIT File
[ sql ] [ DB ] CONNECT:[ UseTime:0.001150s ] mysql:dbname=shop;host=127.0.0.1;charset=utf8
[ sql ] [ SQL ] SHOW COLUMNS FROM `s_siteinfo` [ RunTime:0.001618s ]
[ sql ] [ SQL ] SELECT * FROM `s_siteinfo` WHERE  `id` = 8  AND `attribution` = 0  AND `close` = 1 [ RunTime:0.001043s ]
[ sql ] [ EXPLAIN : array (
  'id' => 1,
  'select_type' => 'SIMPLE',
  'table' => 's_siteinfo',
  'partitions' => NULL,
  'type' => 'const',
  'possible_keys' => 'PRIMARY',
  'key' => 'PRIMARY',
  'key_len' => '4',
  'ref' => 'const',
  'rows' => 1,
  'filtered' => 100,
  'extra' => NULL,
) ]
[ sql ] [ SQL ] SHOW COLUMNS FROM `s_user` [ RunTime:0.001469s ]
[ sql ] [ SQL ] SELECT * FROM `s_user` WHERE  `s_user`.`delete_time` IS NULL  AND `user_type` = 1 [ RunTime:0.000500s ]
[ sql ] [ EXPLAIN : array (
  'id' => 1,
  'select_type' => 'SIMPLE',
  'table' => 's_user',
  'partitions' => NULL,
  'type' => 'ALL',
  'possible_keys' => NULL,
  'key' => NULL,
  'key_len' => NULL,
  'ref' => NULL,
  'rows' => 25,
  'filtered' => 4,
  'extra' => 'Using where',
) ]
[ sql ] [ SQL ] SELECT * FROM `s_user` WHERE  `s_user`.`delete_time` IS NULL  AND `user_type` = -1 [ RunTime:0.000443s ]
[ sql ] [ EXPLAIN : array (
  'id' => 1,
  'select_type' => 'SIMPLE',
  'table' => 's_user',
  'partitions' => NULL,
  'type' => 'ALL',
  'possible_keys' => NULL,
  'key' => NULL,
  'key_len' => NULL,
  'ref' => NULL,
  'rows' => 25,
  'filtered' => 4,
  'extra' => 'Using where',
) ]
[ sql ] [ SQL ] SHOW COLUMNS FROM `s_businessman` [ RunTime:0.001927s ]
[ sql ] [ SQL ] SELECT * FROM `s_businessman` WHERE  `id` > 0 [ RunTime:0.000550s ]
[ sql ] [ EXPLAIN : array (
  'id' => 1,
  'select_type' => 'SIMPLE',
  'table' => 's_businessman',
  'partitions' => NULL,
  'type' => 'range',
  'possible_keys' => 'PRIMARY',
  'key' => 'PRIMARY',
  'key_len' => '4',
  'ref' => NULL,
  'rows' => 6,
  'filtered' => 100,
  'extra' => 'Using where',
) ]
[ sql ] [ SQL ] SELECT * FROM `s_user` WHERE  `s_user`.`delete_time` IS NULL  AND `cost` > 3000 [ RunTime:0.000398s ]
[ sql ] [ EXPLAIN : array (
  'id' => 1,
  'select_type' => 'SIMPLE',
  'table' => 's_user',
  'partitions' => NULL,
  'type' => 'ALL',
  'possible_keys' => NULL,
  'key' => NULL,
  'key_len' => NULL,
  'ref' => NULL,
  'rows' => 25,
  'filtered' => 4,
  'extra' => 'Using where',
) ]

---------------------------------------------------------------
[ 2016-12-07T22:06:40+08:00 ] 127.0.0.1 127.0.0.1 GET /admin/Manage/information
[ log ] tp5.com/admin/Manage/information [运行时间：0.036245s][吞吐率：27.59req/s] [内存消耗：2,685.77kb] [文件加载：46]
[ info ] [ LANG ] C:\wamp64\www\tp5\thinkphp\lang\zh-cn.php
[ info ] [ ROUTE ] array (
  'type' => 'module',
  'module' => 
  array (
    0 => 'admin',
    1 => 'Manage',
    2 => 'information',
  ),
)
[ info ] [ HEADER ] array (
  'host' => 'tp5.com',
  'user-agent' => 'Mozilla/5.0 (Windows NT 10.0; Win64; x64; rv:50.0) Gecko/20100101 Firefox/50.0',
  'accept' => 'text/html,application/xhtml+xml,application/xml;q=0.9,*/*;q=0.8',
  'accept-language' => 'zh-CN,zh;q=0.8,en-US;q=0.5,en;q=0.3',
  'accept-encoding' => 'gzip, deflate',
  'referer' => 'http://tp5.com/admin/index/index',
  'cookie' => 'Hm_lvt_7d03826329b9cbb4dbc58d74f9b0a417=1481096493',
  'connection' => 'keep-alive',
  'upgrade-insecure-requests' => '1',
)
[ info ] [ PARAM ] array (
)
[ info ] [ DB ] INIT mysql
[ info ] [ RUN ] app\admin\controller\Manage->information[ C:\wamp64\www\tp5\application\admin\controller\Manage.php ]
[ info ] [ VIEW ] C:\wamp64\www\tp5\public/../application/admin\view\manage\information.html [ array (
  0 => 'data',
) ]
[ info ] [ LOG ] INIT File
[ sql ] [ DB ] CONNECT:[ UseTime:0.001479s ] mysql:dbname=shop;host=127.0.0.1;charset=utf8
[ sql ] [ SQL ] SHOW COLUMNS FROM `s_siteinfo` [ RunTime:0.001493s ]
[ sql ] [ SQL ] SELECT * FROM `s_siteinfo` WHERE  `id` = 8  AND `attribution` = 0  AND `close` = 1 [ RunTime:0.000418s ]
[ sql ] [ EXPLAIN : array (
  'id' => 1,
  'select_type' => 'SIMPLE',
  'table' => 's_siteinfo',
  'partitions' => NULL,
  'type' => 'const',
  'possible_keys' => 'PRIMARY',
  'key' => 'PRIMARY',
  'key_len' => '4',
  'ref' => 'const',
  'rows' => 1,
  'filtered' => 100,
  'extra' => NULL,
) ]
[ sql ] [ SQL ] SELECT * FROM `s_siteinfo` WHERE  `attribution` = 0 [ RunTime:0.000411s ]
[ sql ] [ EXPLAIN : array (
  'id' => 1,
  'select_type' => 'SIMPLE',
  'table' => 's_siteinfo',
  'partitions' => NULL,
  'type' => 'ALL',
  'possible_keys' => NULL,
  'key' => NULL,
  'key_len' => NULL,
  'ref' => NULL,
  'rows' => 8,
  'filtered' => 12.5,
  'extra' => 'Using where',
) ]

---------------------------------------------------------------
[ 2016-12-07T22:06:47+08:00 ] 127.0.0.1 127.0.0.1 GET /admin/Manage/blogroll
[ log ] tp5.com/admin/Manage/blogroll [运行时间：0.049500s][吞吐率：20.20req/s] [内存消耗：3,125.23kb] [文件加载：53]
[ info ] [ LANG ] C:\wamp64\www\tp5\thinkphp\lang\zh-cn.php
[ info ] [ ROUTE ] array (
  'type' => 'module',
  'module' => 
  array (
    0 => 'admin',
    1 => 'Manage',
    2 => 'blogroll',
  ),
)
[ info ] [ HEADER ] array (
  'host' => 'tp5.com',
  'user-agent' => 'Mozilla/5.0 (Windows NT 10.0; Win64; x64; rv:50.0) Gecko/20100101 Firefox/50.0',
  'accept' => 'text/html,application/xhtml+xml,application/xml;q=0.9,*/*;q=0.8',
  'accept-language' => 'zh-CN,zh;q=0.8,en-US;q=0.5,en;q=0.3',
  'accept-encoding' => 'gzip, deflate',
  'referer' => 'http://tp5.com/admin/Manage/information',
  'cookie' => 'Hm_lvt_7d03826329b9cbb4dbc58d74f9b0a417=1481096493',
  'connection' => 'keep-alive',
  'upgrade-insecure-requests' => '1',
)
[ info ] [ PARAM ] array (
)
[ info ] [ DB ] INIT mysql
[ info ] [ RUN ] app\admin\controller\Manage->blogroll[ C:\wamp64\www\tp5\application\admin\controller\Manage.php ]
[ info ] [ VIEW ] C:\wamp64\www\tp5\public/../application/admin\view\manage\blogroll.html [ array (
  0 => 'data',
  1 => 'page',
) ]
[ info ] [ LOG ] INIT File
[ sql ] [ DB ] CONNECT:[ UseTime:0.000927s ] mysql:dbname=shop;host=127.0.0.1;charset=utf8
[ sql ] [ SQL ] SHOW COLUMNS FROM `s_siteinfo` [ RunTime:0.001421s ]
[ sql ] [ SQL ] SELECT * FROM `s_siteinfo` WHERE  `id` = 8  AND `attribution` = 0  AND `close` = 1 [ RunTime:0.000455s ]
[ sql ] [ EXPLAIN : array (
  'id' => 1,
  'select_type' => 'SIMPLE',
  'table' => 's_siteinfo',
  'partitions' => NULL,
  'type' => 'const',
  'possible_keys' => 'PRIMARY',
  'key' => 'PRIMARY',
  'key_len' => '4',
  'ref' => 'const',
  'rows' => 1,
  'filtered' => 100,
  'extra' => NULL,
) ]
[ sql ] [ SQL ] SELECT COUNT(*) AS tp_count FROM `s_siteinfo` WHERE  `s_siteinfo`.`delete_time` IS NULL  AND `id` > 0  AND `attribution` = 1 LIMIT 1 [ RunTime:0.000469s ]
[ sql ] [ EXPLAIN : array (
  'id' => 1,
  'select_type' => 'SIMPLE',
  'table' => 's_siteinfo',
  'partitions' => NULL,
  'type' => 'range',
  'possible_keys' => 'PRIMARY',
  'key' => 'PRIMARY',
  'key_len' => '4',
  'ref' => NULL,
  'rows' => 8,
  'filtered' => 12.5,
  'extra' => 'Using where',
) ]
[ sql ] [ SQL ] SELECT * FROM `s_siteinfo` WHERE  `s_siteinfo`.`delete_time` IS NULL  AND `id` > 0  AND `attribution` = 1 LIMIT 0,5 [ RunTime:0.000375s ]
[ sql ] [ EXPLAIN : array (
  'id' => 1,
  'select_type' => 'SIMPLE',
  'table' => 's_siteinfo',
  'partitions' => NULL,
  'type' => 'range',
  'possible_keys' => 'PRIMARY',
  'key' => 'PRIMARY',
  'key_len' => '4',
  'ref' => NULL,
  'rows' => 8,
  'filtered' => 12.5,
  'extra' => 'Using where',
) ]

---------------------------------------------------------------
[ 2016-12-07T22:06:55+08:00 ] 127.0.0.1 127.0.0.1 GET /admin/Management/tables
[ log ] tp5.com/admin/Management/tables [运行时间：0.065325s][吞吐率：15.31req/s] [内存消耗：2,872.97kb] [文件加载：50]
[ info ] [ LANG ] C:\wamp64\www\tp5\thinkphp\lang\zh-cn.php
[ info ] [ ROUTE ] array (
  'type' => 'module',
  'module' => 
  array (
    0 => 'admin',
    1 => 'Management',
    2 => 'tables',
  ),
)
[ info ] [ HEADER ] array (
  'host' => 'tp5.com',
  'user-agent' => 'Mozilla/5.0 (Windows NT 10.0; Win64; x64; rv:50.0) Gecko/20100101 Firefox/50.0',
  'accept' => 'text/html,application/xhtml+xml,application/xml;q=0.9,*/*;q=0.8',
  'accept-language' => 'zh-CN,zh;q=0.8,en-US;q=0.5,en;q=0.3',
  'accept-encoding' => 'gzip, deflate',
  'referer' => 'http://tp5.com/admin/Manage/blogroll',
  'cookie' => 'Hm_lvt_7d03826329b9cbb4dbc58d74f9b0a417=1481096493',
  'connection' => 'keep-alive',
  'upgrade-insecure-requests' => '1',
)
[ info ] [ PARAM ] array (
)
[ info ] [ DB ] INIT mysql
[ info ] [ RUN ] app\admin\controller\Management->tables[ C:\wamp64\www\tp5\application\admin\controller\Management.php ]
[ info ] [ VIEW ] C:\wamp64\www\tp5\public/../application/admin\view\management\tables.html [ array (
  0 => 'data',
  1 => 'page',
) ]
[ info ] [ LOG ] INIT File
[ sql ] [ DB ] CONNECT:[ UseTime:0.000935s ] mysql:dbname=shop;host=127.0.0.1;charset=utf8
[ sql ] [ SQL ] SHOW COLUMNS FROM `s_siteinfo` [ RunTime:0.000896s ]
[ sql ] [ SQL ] SELECT * FROM `s_siteinfo` WHERE  `id` = 8  AND `attribution` = 0  AND `close` = 1 [ RunTime:0.000456s ]
[ sql ] [ EXPLAIN : array (
  'id' => 1,
  'select_type' => 'SIMPLE',
  'table' => 's_siteinfo',
  'partitions' => NULL,
  'type' => 'const',
  'possible_keys' => 'PRIMARY',
  'key' => 'PRIMARY',
  'key_len' => '4',
  'ref' => 'const',
  'rows' => 1,
  'filtered' => 100,
  'extra' => NULL,
) ]
[ sql ] [ SQL ] SHOW COLUMNS FROM `s_businessman` [ RunTime:0.001556s ]
[ sql ] [ SQL ] SELECT COUNT(*) AS tp_count FROM `s_businessman` WHERE  `id` > 0 LIMIT 1 [ RunTime:0.000328s ]
[ sql ] [ EXPLAIN : array (
  'id' => 1,
  'select_type' => 'SIMPLE',
  'table' => 's_businessman',
  'partitions' => NULL,
  'type' => 'index',
  'possible_keys' => 'PRIMARY',
  'key' => 'PRIMARY',
  'key_len' => '4',
  'ref' => NULL,
  'rows' => 6,
  'filtered' => 100,
  'extra' => 'Using where; Using index',
) ]
[ sql ] [ SQL ] SELECT * FROM `s_businessman` WHERE  `id` > 0 LIMIT 0,5 [ RunTime:0.000422s ]
[ sql ] [ EXPLAIN : array (
  'id' => 1,
  'select_type' => 'SIMPLE',
  'table' => 's_businessman',
  'partitions' => NULL,
  'type' => 'range',
  'possible_keys' => 'PRIMARY',
  'key' => 'PRIMARY',
  'key_len' => '4',
  'ref' => NULL,
  'rows' => 6,
  'filtered' => 100,
  'extra' => 'Using where',
) ]

---------------------------------------------------------------
[ 2016-12-07T22:07:05+08:00 ] 127.0.0.1 127.0.0.1 GET /admin/Management/tables?page=2
[ log ] tp5.com/admin/Management/tables?page=2 [运行时间：0.060183s][吞吐率：16.62req/s] [内存消耗：2,852.83kb] [文件加载：50]
[ info ] [ LANG ] C:\wamp64\www\tp5\thinkphp\lang\zh-cn.php
[ info ] [ ROUTE ] array (
  'type' => 'module',
  'module' => 
  array (
    0 => 'admin',
    1 => 'Management',
    2 => 'tables',
  ),
)
[ info ] [ HEADER ] array (
  'host' => 'tp5.com',
  'user-agent' => 'Mozilla/5.0 (Windows NT 10.0; Win64; x64; rv:50.0) Gecko/20100101 Firefox/50.0',
  'accept' => 'text/html,application/xhtml+xml,application/xml;q=0.9,*/*;q=0.8',
  'accept-language' => 'zh-CN,zh;q=0.8,en-US;q=0.5,en;q=0.3',
  'accept-encoding' => 'gzip, deflate',
  'referer' => 'http://tp5.com/admin/Management/tables',
  'cookie' => 'Hm_lvt_7d03826329b9cbb4dbc58d74f9b0a417=1481096493',
  'connection' => 'keep-alive',
  'upgrade-insecure-requests' => '1',
)
[ info ] [ PARAM ] array (
  'page' => '2',
)
[ info ] [ DB ] INIT mysql
[ info ] [ RUN ] app\admin\controller\Management->tables[ C:\wamp64\www\tp5\application\admin\controller\Management.php ]
[ info ] [ VIEW ] C:\wamp64\www\tp5\public/../application/admin\view\management\tables.html [ array (
  0 => 'data',
  1 => 'page',
) ]
[ info ] [ LOG ] INIT File
[ sql ] [ DB ] CONNECT:[ UseTime:0.001509s ] mysql:dbname=shop;host=127.0.0.1;charset=utf8
[ sql ] [ SQL ] SHOW COLUMNS FROM `s_siteinfo` [ RunTime:0.000843s ]
[ sql ] [ SQL ] SELECT * FROM `s_siteinfo` WHERE  `id` = 8  AND `attribution` = 0  AND `close` = 1 [ RunTime:0.000477s ]
[ sql ] [ EXPLAIN : array (
  'id' => 1,
  'select_type' => 'SIMPLE',
  'table' => 's_siteinfo',
  'partitions' => NULL,
  'type' => 'const',
  'possible_keys' => 'PRIMARY',
  'key' => 'PRIMARY',
  'key_len' => '4',
  'ref' => 'const',
  'rows' => 1,
  'filtered' => 100,
  'extra' => NULL,
) ]
[ sql ] [ SQL ] SHOW COLUMNS FROM `s_businessman` [ RunTime:0.001543s ]
[ sql ] [ SQL ] SELECT COUNT(*) AS tp_count FROM `s_businessman` WHERE  `id` > 0 LIMIT 1 [ RunTime:0.000455s ]
[ sql ] [ EXPLAIN : array (
  'id' => 1,
  'select_type' => 'SIMPLE',
  'table' => 's_businessman',
  'partitions' => NULL,
  'type' => 'index',
  'possible_keys' => 'PRIMARY',
  'key' => 'PRIMARY',
  'key_len' => '4',
  'ref' => NULL,
  'rows' => 6,
  'filtered' => 100,
  'extra' => 'Using where; Using index',
) ]
[ sql ] [ SQL ] SELECT * FROM `s_businessman` WHERE  `id` > 0 LIMIT 5,5 [ RunTime:0.000355s ]
[ sql ] [ EXPLAIN : array (
  'id' => 1,
  'select_type' => 'SIMPLE',
  'table' => 's_businessman',
  'partitions' => NULL,
  'type' => 'range',
  'possible_keys' => 'PRIMARY',
  'key' => 'PRIMARY',
  'key_len' => '4',
  'ref' => NULL,
  'rows' => 6,
  'filtered' => 100,
  'extra' => 'Using where',
) ]

---------------------------------------------------------------
[ 2016-12-07T22:07:14+08:00 ] 127.0.0.1 127.0.0.1 GET /admin/Management/user_admin
[ log ] tp5.com/admin/Management/user_admin [运行时间：0.100581s][吞吐率：9.94req/s] [内存消耗：3,390.09kb] [文件加载：55]
[ info ] [ LANG ] C:\wamp64\www\tp5\thinkphp\lang\zh-cn.php
[ info ] [ ROUTE ] array (
  'type' => 'module',
  'module' => 
  array (
    0 => 'admin',
    1 => 'Management',
    2 => 'user_admin',
  ),
)
[ info ] [ HEADER ] array (
  'host' => 'tp5.com',
  'user-agent' => 'Mozilla/5.0 (Windows NT 10.0; Win64; x64; rv:50.0) Gecko/20100101 Firefox/50.0',
  'accept' => 'text/html,application/xhtml+xml,application/xml;q=0.9,*/*;q=0.8',
  'accept-language' => 'zh-CN,zh;q=0.8,en-US;q=0.5,en;q=0.3',
  'accept-encoding' => 'gzip, deflate',
  'referer' => 'http://tp5.com/admin/Management/tables?page=2',
  'cookie' => 'Hm_lvt_7d03826329b9cbb4dbc58d74f9b0a417=1481096493',
  'connection' => 'keep-alive',
  'upgrade-insecure-requests' => '1',
)
[ info ] [ PARAM ] array (
)
[ info ] [ DB ] INIT mysql
[ info ] [ RUN ] app\admin\controller\Management->user_admin[ C:\wamp64\www\tp5\application\admin\controller\Management.php ]
[ info ] [ VIEW ] C:\wamp64\www\tp5\public/../application/admin\view\management\user_admin.html [ array (
  0 => 'count',
  1 => 'data',
  2 => 'page',
) ]
[ info ] [ LOG ] INIT File
[ sql ] [ DB ] CONNECT:[ UseTime:0.001052s ] mysql:dbname=shop;host=127.0.0.1;charset=utf8
[ sql ] [ SQL ] SHOW COLUMNS FROM `s_siteinfo` [ RunTime:0.029099s ]
[ sql ] [ SQL ] SELECT * FROM `s_siteinfo` WHERE  `id` = 8  AND `attribution` = 0  AND `close` = 1 [ RunTime:0.000546s ]
[ sql ] [ EXPLAIN : array (
  'id' => 1,
  'select_type' => 'SIMPLE',
  'table' => 's_siteinfo',
  'partitions' => NULL,
  'type' => 'const',
  'possible_keys' => 'PRIMARY',
  'key' => 'PRIMARY',
  'key_len' => '4',
  'ref' => 'const',
  'rows' => 1,
  'filtered' => 100,
  'extra' => NULL,
) ]
[ sql ] [ SQL ] SHOW COLUMNS FROM `s_user` [ RunTime:0.001597s ]
[ sql ] [ SQL ] SELECT * FROM `s_user` WHERE  `s_user`.`delete_time` IS NULL  AND `user_type` = -1 [ RunTime:0.000474s ]
[ sql ] [ EXPLAIN : array (
  'id' => 1,
  'select_type' => 'SIMPLE',
  'table' => 's_user',
  'partitions' => NULL,
  'type' => 'ALL',
  'possible_keys' => NULL,
  'key' => NULL,
  'key_len' => NULL,
  'ref' => NULL,
  'rows' => 25,
  'filtered' => 4,
  'extra' => 'Using where',
) ]
[ sql ] [ SQL ] SELECT COUNT(*) AS tp_count FROM `s_user` WHERE  `s_user`.`delete_time` IS NULL  AND `user_type` = -1 LIMIT 1 [ RunTime:0.000522s ]
[ sql ] [ EXPLAIN : array (
  'id' => 1,
  'select_type' => 'SIMPLE',
  'table' => 's_user',
  'partitions' => NULL,
  'type' => 'ALL',
  'possible_keys' => NULL,
  'key' => NULL,
  'key_len' => NULL,
  'ref' => NULL,
  'rows' => 25,
  'filtered' => 4,
  'extra' => 'Using where',
) ]
[ sql ] [ SQL ] SELECT * FROM `s_user` WHERE  `s_user`.`delete_time` IS NULL  AND `user_type` = -1 LIMIT 0,5 [ RunTime:0.000389s ]
[ sql ] [ EXPLAIN : array (
  'id' => 1,
  'select_type' => 'SIMPLE',
  'table' => 's_user',
  'partitions' => NULL,
  'type' => 'ALL',
  'possible_keys' => NULL,
  'key' => NULL,
  'key_len' => NULL,
  'ref' => NULL,
  'rows' => 25,
  'filtered' => 4,
  'extra' => 'Using where',
) ]

---------------------------------------------------------------
[ 2016-12-07T22:07:22+08:00 ] 127.0.0.1 127.0.0.1 GET /admin/Management/announcement
[ log ] tp5.com/admin/Management/announcement [运行时间：0.035684s][吞吐率：28.02req/s] [内存消耗：2,750.75kb] [文件加载：46]
[ info ] [ LANG ] C:\wamp64\www\tp5\thinkphp\lang\zh-cn.php
[ info ] [ ROUTE ] array (
  'type' => 'module',
  'module' => 
  array (
    0 => 'admin',
    1 => 'Management',
    2 => 'announcement',
  ),
)
[ info ] [ HEADER ] array (
  'host' => 'tp5.com',
  'user-agent' => 'Mozilla/5.0 (Windows NT 10.0; Win64; x64; rv:50.0) Gecko/20100101 Firefox/50.0',
  'accept' => 'text/html,application/xhtml+xml,application/xml;q=0.9,*/*;q=0.8',
  'accept-language' => 'zh-CN,zh;q=0.8,en-US;q=0.5,en;q=0.3',
  'accept-encoding' => 'gzip, deflate',
  'referer' => 'http://tp5.com/admin/Management/user_admin',
  'cookie' => 'Hm_lvt_7d03826329b9cbb4dbc58d74f9b0a417=1481096493',
  'connection' => 'keep-alive',
  'upgrade-insecure-requests' => '1',
)
[ info ] [ PARAM ] array (
)
[ info ] [ DB ] INIT mysql
[ info ] [ RUN ] app\admin\controller\Management->announcement[ C:\wamp64\www\tp5\application\admin\controller\Management.php ]
[ info ] [ VIEW ] C:\wamp64\www\tp5\public/../application/admin\view\management\announcement.html [ array (
) ]
[ info ] [ LOG ] INIT File
[ sql ] [ DB ] CONNECT:[ UseTime:0.001057s ] mysql:dbname=shop;host=127.0.0.1;charset=utf8
[ sql ] [ SQL ] SHOW COLUMNS FROM `s_siteinfo` [ RunTime:0.001562s ]
[ sql ] [ SQL ] SELECT * FROM `s_siteinfo` WHERE  `id` = 8  AND `attribution` = 0  AND `close` = 1 [ RunTime:0.000638s ]
[ sql ] [ EXPLAIN : array (
  'id' => 1,
  'select_type' => 'SIMPLE',
  'table' => 's_siteinfo',
  'partitions' => NULL,
  'type' => 'const',
  'possible_keys' => 'PRIMARY',
  'key' => 'PRIMARY',
  'key_len' => '4',
  'ref' => 'const',
  'rows' => 1,
  'filtered' => 100,
  'extra' => NULL,
) ]

---------------------------------------------------------------
