[ 2016-12-14T22:19:31+08:00 ] 127.0.0.1 127.0.0.1 GET //static/images/bannerBtn.png
[ log ] www.tp5.com//static/images/bannerBtn.png [运行时间：0.045002s][吞吐率：22.22req/s] [内存消耗：1,262.77kb] [文件加载：33]
[ info ] [ LANG ] C:\wamp\www\tp5\thinkphp\lang\zh-cn.php
[ info ] [ ROUTE ] array (
  'type' => 'module',
  'module' => 
  array (
    0 => 'static',
    1 => 'images',
    2 => 'bannerBtn.png',
  ),
)
[ info ] [ HEADER ] array (
  'host' => 'www.tp5.com',
  'user-agent' => 'Mozilla/5.0 (Windows NT 6.1; rv:50.0) Gecko/20100101 Firefox/50.0',
  'accept' => '*/*',
  'accept-language' => 'zh-CN,zh;q=0.8,en-US;q=0.5,en;q=0.3',
  'accept-encoding' => 'gzip, deflate',
  'referer' => 'http://www.tp5.com//static/css/lunstyle.css',
  'cookie' => 'Hm_lvt_7d03826329b9cbb4dbc58d74f9b0a417=1481353654,1481426985,1481524929,1481636273; _snma=1%7C148119224288791927%7C1481192242887%7C1481712642206%7C1481712679881%7C64%7C15; _ga=GA1.2.572811070.1481192246; pgv_pvid=708178336; _snsr=www.tp5.com%7Creferral%7C%7C%7C; PHPSESSID=cdipku17kbusfsddbmd2ovhdv4; __qc_wId=901',
  'connection' => 'keep-alive',
)
[ info ] [ PARAM ] array (
)
[ info ] [ LOG ] INIT File

---------------------------------------------------------------
[ 2016-12-14T22:19:32+08:00 ] 127.0.0.1 127.0.0.1 GET //static/images/fancy-ico.gif
[ log ] www.tp5.com//static/images/fancy-ico.gif [运行时间：0.029001s][吞吐率：34.48req/s] [内存消耗：1,262.81kb] [文件加载：33]
[ info ] [ LANG ] C:\wamp\www\tp5\thinkphp\lang\zh-cn.php
[ info ] [ ROUTE ] array (
  'type' => 'module',
  'module' => 
  array (
    0 => 'static',
    1 => 'images',
    2 => 'fancy-ico.gif',
  ),
)
[ info ] [ HEADER ] array (
  'host' => 'www.tp5.com',
  'user-agent' => 'Mozilla/5.0 (Windows NT 6.1; rv:50.0) Gecko/20100101 Firefox/50.0',
  'accept' => '*/*',
  'accept-language' => 'zh-CN,zh;q=0.8,en-US;q=0.5,en;q=0.3',
  'accept-encoding' => 'gzip, deflate',
  'referer' => 'http://www.tp5.com//static/css/style.css',
  'cookie' => 'Hm_lvt_7d03826329b9cbb4dbc58d74f9b0a417=1481353654,1481426985,1481524929,1481636273; _snma=1%7C148119224288791927%7C1481192242887%7C1481712642206%7C1481712679881%7C64%7C15; _ga=GA1.2.572811070.1481192246; pgv_pvid=708178336; _snsr=www.tp5.com%7Creferral%7C%7C%7C; PHPSESSID=cdipku17kbusfsddbmd2ovhdv4; __qc_wId=901',
  'connection' => 'keep-alive',
)
[ info ] [ PARAM ] array (
)
[ info ] [ LOG ] INIT File

---------------------------------------------------------------
[ 2016-12-14T22:19:32+08:00 ] 127.0.0.1 127.0.0.1 GET //static/images/circle-ico.png
[ log ] www.tp5.com//static/images/circle-ico.png [运行时间：0.047003s][吞吐率：21.28req/s] [内存消耗：1,262.81kb] [文件加载：33]
[ info ] [ LANG ] C:\wamp\www\tp5\thinkphp\lang\zh-cn.php
[ info ] [ ROUTE ] array (
  'type' => 'module',
  'module' => 
  array (
    0 => 'static',
    1 => 'images',
    2 => 'circle-ico.png',
  ),
)
[ info ] [ HEADER ] array (
  'host' => 'www.tp5.com',
  'user-agent' => 'Mozilla/5.0 (Windows NT 6.1; rv:50.0) Gecko/20100101 Firefox/50.0',
  'accept' => '*/*',
  'accept-language' => 'zh-CN,zh;q=0.8,en-US;q=0.5,en;q=0.3',
  'accept-encoding' => 'gzip, deflate',
  'referer' => 'http://www.tp5.com//static/css/style.css',
  'cookie' => 'Hm_lvt_7d03826329b9cbb4dbc58d74f9b0a417=1481353654,1481426985,1481524929,1481636273; _snma=1%7C148119224288791927%7C1481192242887%7C1481712642206%7C1481712679881%7C64%7C15; _ga=GA1.2.572811070.1481192246; pgv_pvid=708178336; _snsr=www.tp5.com%7Creferral%7C%7C%7C; PHPSESSID=cdipku17kbusfsddbmd2ovhdv4; __qc_wId=901',
  'connection' => 'keep-alive',
)
[ info ] [ PARAM ] array (
)
[ info ] [ LOG ] INIT File

---------------------------------------------------------------
[ 2016-12-14T22:19:32+08:00 ] 127.0.0.1 127.0.0.1 GET //static/images/fancy-ico1.gif
[ log ] www.tp5.com//static/images/fancy-ico1.gif [运行时间：0.033002s][吞吐率：30.30req/s] [内存消耗：1,262.81kb] [文件加载：33]
[ info ] [ LANG ] C:\wamp\www\tp5\thinkphp\lang\zh-cn.php
[ info ] [ ROUTE ] array (
  'type' => 'module',
  'module' => 
  array (
    0 => 'static',
    1 => 'images',
    2 => 'fancy-ico1.gif',
  ),
)
[ info ] [ HEADER ] array (
  'host' => 'www.tp5.com',
  'user-agent' => 'Mozilla/5.0 (Windows NT 6.1; rv:50.0) Gecko/20100101 Firefox/50.0',
  'accept' => '*/*',
  'accept-language' => 'zh-CN,zh;q=0.8,en-US;q=0.5,en;q=0.3',
  'accept-encoding' => 'gzip, deflate',
  'referer' => 'http://www.tp5.com//static/css/style.css',
  'cookie' => 'Hm_lvt_7d03826329b9cbb4dbc58d74f9b0a417=1481353654,1481426985,1481524929,1481636273; _snma=1%7C148119224288791927%7C1481192242887%7C1481712642206%7C1481712679881%7C64%7C15; _ga=GA1.2.572811070.1481192246; pgv_pvid=708178336; _snsr=www.tp5.com%7Creferral%7C%7C%7C; PHPSESSID=cdipku17kbusfsddbmd2ovhdv4; __qc_wId=901',
  'connection' => 'keep-alive',
)
[ info ] [ PARAM ] array (
)
[ info ] [ LOG ] INIT File

---------------------------------------------------------------
[ 2016-12-14T22:19:32+08:00 ] 127.0.0.1 127.0.0.1 GET //static/images/circle-bg.gif
[ log ] www.tp5.com//static/images/circle-bg.gif [运行时间：0.052003s][吞吐率：19.23req/s] [内存消耗：1,262.81kb] [文件加载：33]
[ info ] [ LANG ] C:\wamp\www\tp5\thinkphp\lang\zh-cn.php
[ info ] [ ROUTE ] array (
  'type' => 'module',
  'module' => 
  array (
    0 => 'static',
    1 => 'images',
    2 => 'circle-bg.gif',
  ),
)
[ info ] [ HEADER ] array (
  'host' => 'www.tp5.com',
  'user-agent' => 'Mozilla/5.0 (Windows NT 6.1; rv:50.0) Gecko/20100101 Firefox/50.0',
  'accept' => '*/*',
  'accept-language' => 'zh-CN,zh;q=0.8,en-US;q=0.5,en;q=0.3',
  'accept-encoding' => 'gzip, deflate',
  'referer' => 'http://www.tp5.com//static/css/style.css',
  'cookie' => 'Hm_lvt_7d03826329b9cbb4dbc58d74f9b0a417=1481353654,1481426985,1481524929,1481636273; _snma=1%7C148119224288791927%7C1481192242887%7C1481712642206%7C1481712679881%7C64%7C15; _ga=GA1.2.572811070.1481192246; pgv_pvid=708178336; _snsr=www.tp5.com%7Creferral%7C%7C%7C; PHPSESSID=cdipku17kbusfsddbmd2ovhdv4; __qc_wId=901',
  'connection' => 'keep-alive',
)
[ info ] [ PARAM ] array (
)
[ info ] [ LOG ] INIT File

---------------------------------------------------------------
[ 2016-12-14T22:19:32+08:00 ] 127.0.0.1 127.0.0.1 GET //static/images/fonay-ico3.gif
[ log ] www.tp5.com//static/images/fonay-ico3.gif [运行时间：0.037002s][吞吐率：27.03req/s] [内存消耗：1,262.81kb] [文件加载：33]
[ info ] [ LANG ] C:\wamp\www\tp5\thinkphp\lang\zh-cn.php
[ info ] [ ROUTE ] array (
  'type' => 'module',
  'module' => 
  array (
    0 => 'static',
    1 => 'images',
    2 => 'fonay-ico3.gif',
  ),
)
[ info ] [ HEADER ] array (
  'host' => 'www.tp5.com',
  'user-agent' => 'Mozilla/5.0 (Windows NT 6.1; rv:50.0) Gecko/20100101 Firefox/50.0',
  'accept' => '*/*',
  'accept-language' => 'zh-CN,zh;q=0.8,en-US;q=0.5,en;q=0.3',
  'accept-encoding' => 'gzip, deflate',
  'referer' => 'http://www.tp5.com//static/css/style.css',
  'cookie' => 'Hm_lvt_7d03826329b9cbb4dbc58d74f9b0a417=1481353654,1481426985,1481524929,1481636273; _snma=1%7C148119224288791927%7C1481192242887%7C1481712642206%7C1481712679881%7C64%7C15; _ga=GA1.2.572811070.1481192246; pgv_pvid=708178336; _snsr=www.tp5.com%7Creferral%7C%7C%7C; PHPSESSID=cdipku17kbusfsddbmd2ovhdv4; __qc_wId=901',
  'connection' => 'keep-alive',
)
[ info ] [ PARAM ] array (
)
[ info ] [ LOG ] INIT File

---------------------------------------------------------------
